gaminganywhere/build/intermediates/proguard-rules/release/aapt_rules.txt
# view AndroidManifest.xml #generated:19
-keep class org.gaminganywhere.gaclient.MainActivity { <init>(...); }

# view AndroidManifest.xml #generated:25
-keep class org.gaminganywhere.gaclient.PlayerActivity { <init>(...); }

# view AndroidManifest.xml #generated:23
-keep class org.gaminganywhere.gaclient.SettingsActivity { <init>(...); }