gaminganywhere/build/outputs/mapping/release/mapping.txt
org.gaminganywhere.gaclient.GAClient -> org.gaminganywhere.gaclient.GAClient:
    android.content.Context context -> a
    android.app.Activity activity -> b
    android.view.Surface surface -> c
    android.view.SurfaceView surfaceView -> d
    android.os.Handler handler -> e
    java.util.HashMap gaconfig -> f
    int audioSamplerate -> g
    int audioChannels -> h
    int screenWidth -> i
    int screenHeight -> j
    boolean quitWatchdog -> k
    int watchdogTick -> l
    java.lang.Thread watchdogThread -> m
    int watchdogTimeout -> n
    android.media.MediaFormat audioFormat -> o
    android.media.MediaFormat videoFormat -> p
    android.media.MediaCodec adecoder -> q
    android.media.MediaCodec vdecoder -> r
    java.nio.ByteBuffer[] inputVBuffers -> s
    java.nio.ByteBuffer[] inputABuffers -> t
    int audioTrackMinBufSize -> u
    android.media.AudioTrack audioTrack -> v
    boolean videoRendered -> w
    boolean quitAudioRenderer -> x
    boolean quitVideoRenderer -> y
    java.lang.Thread audioRendererThread -> z
    java.lang.Thread videoRendererThread -> A
    java.lang.Thread rtspThread -> B
    boolean builtinAudioDecoder -> C
    boolean builtinVideoDecoder -> D
    int currAInbufIdx -> E
    long currAPts -> F
    int currVInbufIdx -> G
    long currVPts -> H
    int currVFlag -> I
    void <init>() -> <init>
    void setContext(android.content.Context) -> a
    void setActivity(android.app.Activity) -> a
    void setSurface(android.view.Surface) -> a
org.gaminganywhere.gaclient.GAClient$1 -> org.gaminganywhere.gaclient.a:
    org.gaminganywhere.gaclient.GAClient this$0 -> a
    void <init>(org.gaminganywhere.gaclient.GAClient) -> <init>
    void run() -> run
org.gaminganywhere.gaclient.GAClient$2 -> org.gaminganywhere.gaclient.b:
    org.gaminganywhere.gaclient.GAClient this$0 -> a
    void <init>(org.gaminganywhere.gaclient.GAClient) -> <init>
    void run() -> run
org.gaminganywhere.gaclient.GAClient$3 -> org.gaminganywhere.gaclient.c:
    org.gaminganywhere.gaclient.GAClient this$0 -> a
    void <init>(org.gaminganywhere.gaclient.GAClient) -> <init>
    void run() -> run
org.gaminganywhere.gaclient.GAClient$4 -> org.gaminganywhere.gaclient.d:
    org.gaminganywhere.gaclient.GAClient this$0 -> a
    void <init>(org.gaminganywhere.gaclient.GAClient) -> <init>
    void run() -> run
org.gaminganywhere.gaclient.GAConfigHelper -> org.gaminganywhere.gaclient.e:
    java.lang.String[] fields -> a
    java.util.ArrayList profileLoadSummary(android.content.Context) -> a
    java.util.HashMap profileLoad(android.content.Context,java.lang.String) -> a
    boolean profileSave(android.content.Context,java.lang.String,java.util.HashMap,boolean) -> a
    boolean profileDelete(android.content.Context,java.lang.String) -> b
    boolean profileRename(android.content.Context,java.lang.String,java.lang.String) -> a
    void <init>(android.content.Context,java.lang.String,android.database.sqlite.SQLiteDatabase$CursorFactory,int) -> <init>
    void onCreate(android.database.sqlite.SQLiteDatabase) -> onCreate
    void onUpgrade(android.database.sqlite.SQLiteDatabase,int,int) -> onUpgrade
    void <clinit>() -> <clinit>